ERROR: 2023/06/21 16:36:44 E:/Documents/gitlab/e-capture/indra/api-indra-admin/pkg/indra/upload_metadata/repository_psql.go:90: preparando consulta psqlExecuteSP: select * from public.export_metadata_contrato_expediente_document ( input_data => $1,type_input => $2 ), pq: no existe la función public.export_metadata_contrato_expediente_document(input_data => unknown, type_input => unknown)
ERROR: 2023/06/21 16:40:32 E:/Documents/gitlab/e-capture/indra/api-indra-admin/api/handler/upload_metadata/handler.go:70: Couldn't GetIdsAutofillValueByEntityAttributeAndValue: pq: no existe la función public.export_metadata_contrato_expediente_document(input_data => unknown, type_input => unknown)
ERROR: 2023/06/21 16:43:50 E:/Documents/gitlab/e-capture/indra/api-indra-admin/pkg/indra/upload_metadata/repository_psql.go:97: ejecutando psqlExecuteSP user: select * from public.export_metadata_contrato_expediente_document ( input_data => $1,type_input => $2 ), pq: no existe la columna «input» 
ERROR: 2023/06/21 17:15:30 E:/Documents/gitlab/e-capture/indra/api-indra-admin/api/handler/upload_metadata/handler.go:66: Couldn't GetIdsAutofillValueByEntityAttributeAndValue: missing destination name a.id in *[]*upload_metadata.Metadata
ERROR: 2023/06/21 17:17:36 E:/Documents/gitlab/e-capture/indra/api-indra-admin/api/handler/upload_metadata/handler.go:66: Couldn't GetIdsAutofillValueByEntityAttributeAndValue: missing destination name a.id in *[]*upload_metadata.Metadata
ERROR: 2023/06/21 17:20:22 E:/Documents/gitlab/e-capture/indra/api-indra-admin/api/handler/upload_metadata/handler.go:66: Couldn't GetIdsAutofillValueByEntityAttributeAndValue: missing destination name peso in *[]*upload_metadata.Metadata
ERROR: 2023/06/21 17:22:00 E:/Documents/gitlab/e-capture/indra/api-indra-admin/api/handler/upload_metadata/handler.go:66: Couldn't GetIdsAutofillValueByEntityAttributeAndValue: missing destination name ruta_imagen in *[]*upload_metadata.Metadata
ERROR: 2023/06/26 12:09:34 E:/Documents/gitlab/e-capture/indra/api-indra-admin/api/handler/upload_metadata/handler.go:66: Couldn't GetIdsAutofillValueByEntityAttributeAndValue: missing destination name fecha_del_dcoumento in *[]*upload_metadata.Metadata
ERROR: 2023/06/26 12:11:55 E:/Documents/gitlab/e-capture/indra/api-indra-admin/api/handler/upload_metadata/handler.go:66: Couldn't GetIdsAutofillValueByEntityAttributeAndValue: missing destination name fecha_del_doumento in *[]*upload_metadata.Metadata
ERROR: 2023/06/27 00:18:45 E:/Documents/gitlab/e-capture/indra/api-indra-admin/internal/generator/generator.go:95: failed in create file xlsx:  open PLANTILLA DOCUMENTO DIGCERTIFICADA-BASE PARA CARGUE_1.xlsx: The process cannot access the file because it is being used by another process.
ERROR: 2023/08/02 23:45:28 E:/Documents/gitlab/internal-projects/ffcc/backend-ccff/internal/dbx/dbx.go:42: couldn't connect to database: dial tcp 10.91.1.22:5432: connectex: A connection attempt failed because the connected party did not properly respond after a period of time, or established connection failed because connected host has failed to respond.
ERROR: 2023/08/02 23:49:16 E:/Documents/gitlab/internal-projects/ffcc/backend-ccff/internal/dbx/dbx.go:42: couldn't connect to database: dial tcp 10.91.1.22:5432: connectex: A connection attempt failed because the connected party did not properly respond after a period of time, or established connection failed because connected host has failed to respond.
ERROR: 2023/08/03 00:48:38 E:/Documents/gitlab/internal-projects/ffcc/backend-ccff/api/handler/reniec/handler.go:27: couldn't bind model RequestMetadata: json: cannot unmarshal object into Go struct field RequestReniec.dni of type string
ERROR: 2023/08/03 01:09:03 E:/Documents/gitlab/internal-projects/ffcc/backend-ccff/internal/dbx/dbx.go:42: couldn't connect to database: dial tcp 10.91.1.22:5432: connectex: A connection attempt failed because the connected party did not properly respond after a period of time, or established connection failed because connected host has failed to respond.
ERROR: 2023/08/03 02:25:41 E:/Documents/gitlab/internal-projects/ffcc/backend-ccff/internal/dbx/dbx.go:42: couldn't connect to database: dial tcp 10.91.1.22:5432: connectex: A connection attempt failed because the connected party did not properly respond after a period of time, or established connection failed because connected host has failed to respond.
ERROR: 2023/08/03 02:42:44 E:/Documents/gitlab/internal-projects/ffcc/backend-ccff/internal/dbx/dbx.go:42: couldn't connect to database: dial tcp 10.91.1.22:5432: connectex: A connection attempt failed because the connected party did not properly respond after a period of time, or established connection failed because connected host has failed to respond.
ERROR: 2023/08/03 02:45:52 E:/Documents/gitlab/internal-projects/ffcc/backend-ccff/internal/dbx/dbx.go:42: couldn't connect to database: dial tcp 10.91.1.22:5432: connectex: A connection attempt failed because the connected party did not properly respond after a period of time, or established connection failed because connected host has failed to respond.
ERROR: 2023/08/03 02:49:33 E:/Documents/gitlab/internal-projects/ffcc/backend-ccff/internal/dbx/dbx.go:42: couldn't connect to database: dial tcp 10.91.1.22:5432: connectex: A connection attempt failed because the connected party did not properly respond after a period of time, or established connection failed because connected host has failed to respond.
ERROR: 2023/08/03 02:55:52 E:/Documents/gitlab/internal-projects/ffcc/backend-ccff/internal/dbx/dbx.go:42: couldn't connect to database: unable to open tcp connection with host 'system_ccff.mssql.somee.com:5432': dial tcp 155.254.244.32:5432: i/o timeout
ERROR: 2023/08/03 02:57:49 E:/Documents/gitlab/internal-projects/ffcc/backend-ccff/internal/dbx/dbx.go:42: couldn't connect to database: TLS Handshake failed: tls: server selected unsupported protocol version 301
ERROR: 2023/08/03 02:59:33 E:/Documents/gitlab/internal-projects/ffcc/backend-ccff/internal/dbx/dbx.go:42: couldn't connect to database: TLS Handshake failed: tls: server selected unsupported protocol version 301
ERROR: 2023/08/03 03:00:44 E:/Documents/gitlab/internal-projects/ffcc/backend-ccff/internal/dbx/dbx.go:42: couldn't connect to database: TLS Handshake failed: tls: server selected unsupported protocol version 301
ERROR: 2023/08/03 03:01:32 E:/Documents/gitlab/internal-projects/ffcc/backend-ccff/internal/dbx/dbx.go:42: couldn't connect to database: TLS Handshake failed: tls: server selected unsupported protocol version 301
ERROR: 2023/08/03 03:10:21 E:/Documents/gitlab/internal-projects/ffcc/backend-ccff/internal/dbx/dbx.go:44: couldn't connect to database: TLS Handshake failed: tls: server selected unsupported protocol version 301
ERROR: 2023/08/03 03:10:58 E:/Documents/gitlab/internal-projects/ffcc/backend-ccff/pkg/indra/upload_metadata/storage.go:25: el motor de base de datos no está implementado. sqlserver
ERROR: 2023/08/03 03:10:58 E:/Documents/gitlab/internal-projects/ffcc/backend-ccff/pkg/auth/users/application_service.go:32: 6644496d-dc00-45b4-b70a-fef22637f9ff  - don't meet validations: code_student: non zero value required;email: non zero value required;is_block: non zero value required;is_delete: non zero value required;lastname_father: non zero value required;lastname_mother: non zero value required;names: non zero value required;password: non zero value required
ERROR: 2023/08/03 03:11:06 E:/Documents/gitlab/internal-projects/ffcc/backend-ccff/api/handler/users/handler.go:35: Couldn't insert suffragers: code_student: non zero value required;email: non zero value required;is_block: non zero value required;is_delete: non zero value required;lastname_father: non zero value required;lastname_mother: non zero value required;names: non zero value required;password: non zero value required
ERROR: 2023/08/03 03:11:34 E:/Documents/gitlab/internal-projects/ffcc/backend-ccff/pkg/auth/users/application_service.go:32: 6644496d-dc00-45b4-b70a-fef22637f9ff  - don't meet validations: is_block: non zero value required;is_delete: non zero value required
ERROR: 2023/08/03 03:11:34 E:/Documents/gitlab/internal-projects/ffcc/backend-ccff/api/handler/users/handler.go:35: Couldn't insert suffragers: is_block: non zero value required;is_delete: non zero value required
ERROR: 2023/08/03 03:12:31 E:/Documents/gitlab/internal-projects/ffcc/backend-ccff/pkg/auth/users/application_service.go:32: 6644496d-dc00-45b4-b70a-fef22637f9ff  - don't meet validations: is_block: non zero value required;is_delete: non zero value required
ERROR: 2023/08/03 03:12:31 E:/Documents/gitlab/internal-projects/ffcc/backend-ccff/api/handler/users/handler.go:35: Couldn't insert suffragers: is_block: non zero value required;is_delete: non zero value required
ERROR: 2023/08/03 03:15:15 E:/Documents/gitlab/internal-projects/ffcc/backend-ccff/pkg/auth/users/application_service.go:40: c96d9284-187a-45f4-a677-9c9460f2f816  - couldn't create Users : unexpected `:` while reading named param at 289
ERROR: 2023/08/03 03:15:15 E:/Documents/gitlab/internal-projects/ffcc/backend-ccff/api/handler/users/handler.go:35: Couldn't insert suffragers: unexpected `:` while reading named param at 289
ERROR: 2023/08/03 03:16:26 E:/Documents/gitlab/internal-projects/ffcc/backend-ccff/pkg/auth/users/application_service.go:40: c96d9284-187a-45f4-a677-9c9460f2f816  - couldn't create Users : unexpected `:` while reading named param at 289
ERROR: 2023/08/03 03:16:26 E:/Documents/gitlab/internal-projects/ffcc/backend-ccff/api/handler/users/handler.go:35: Couldn't insert suffragers: unexpected `:` while reading named param at 289
ERROR: 2023/08/03 03:35:34 E:/Documents/gitlab/internal-projects/ffcc/backend-ccff/pkg/indra/upload_metadata/storage.go:25: el motor de base de datos no está implementado. sqlserver
ERROR: 2023/08/03 03:35:37 E:/Documents/gitlab/internal-projects/ffcc/backend-ccff/pkg/auth/users/application_service.go:32: acd37095-8f63-46a1-8829-1fd820498234  - don't meet validations: code_student: non zero value required;email: non zero value required;lastname_father: non zero value required;lastname_mother: non zero value required;names: non zero value required;password: non zero value required
ERROR: 2023/08/03 03:35:37 E:/Documents/gitlab/internal-projects/ffcc/backend-ccff/api/handler/users/handler.go:35: Couldn't insert suffragers: code_student: non zero value required;email: non zero value required;lastname_father: non zero value required;lastname_mother: non zero value required;names: non zero value required;password: non zero value required
ERROR: 2023/08/03 03:43:49 E:/Documents/gitlab/internal-projects/ffcc/backend-ccff/pkg/auth/users/application_service.go:61: c8d81465-a33e-4614-bcb6-70185c9dcb7c  - don't meet validations: id isn't uuid
ERROR: 2023/08/03 03:43:49 E:/Documents/gitlab/internal-projects/ffcc/backend-ccff/api/handler/users/handler.go:73: Couldn't insert suffragers: id isn't uuid
ERROR: 2023/08/03 03:44:57 E:/Documents/gitlab/internal-projects/ffcc/backend-ccff/pkg/auth/users/application_service.go:61: c8d81465-a33e-4614-bcb6-70185c9dcb7c  - don't meet validations: id isn't uuid
ERROR: 2023/08/03 03:44:57 E:/Documents/gitlab/internal-projects/ffcc/backend-ccff/api/handler/users/handler.go:73: Couldn't insert suffragers: id isn't uuid
ERROR: 2023/08/03 03:46:08 E:/Documents/gitlab/internal-projects/ffcc/backend-ccff/pkg/indra/upload_metadata/storage.go:25: el motor de base de datos no está implementado. sqlserver
ERROR: 2023/08/03 03:46:08 E:/Documents/gitlab/internal-projects/ffcc/backend-ccff/pkg/auth/users/application_service.go:33: ef92f683-18fe-42a5-8303-0631ad942d26  - don't meet validations: code_student: non zero value required;email: non zero value required;lastname_father: non zero value required;lastname_mother: non zero value required;names: non zero value required;password: non zero value required
ERROR: 2023/08/03 03:46:08 E:/Documents/gitlab/internal-projects/ffcc/backend-ccff/api/handler/users/handler.go:35: Couldn't insert suffragers: code_student: non zero value required;email: non zero value required;lastname_father: non zero value required;lastname_mother: non zero value required;names: non zero value required;password: non zero value required
ERROR: 2023/08/14 16:30:11 E:/Documents/gitlab/internal-projects/ffcc/backend-ccff/pkg/auth/modules/repository_sqlserver.go:117: bf4ba851-a076-426c-a952-47d0c616f6c7%!(EXTRA string= - couldn't execute GetModulesByRoles auth.modules: %v, mssql.Error=mssql: Invalid object name 'auth.modules_components_elements'.)
ERROR: 2023/08/14 16:30:11 E:/Documents/gitlab/internal-projects/ffcc/backend-ccff/pkg/auth/modules/repository_sqlserver.go:117: bf4ba851-a076-426c-a952-47d0c616f6c7%!(EXTRA string= - couldn't execute GetModulesByRoles auth.modules: %v, *errors.errorString=unable to open tcp connection with host 'system_ccff.mssql.somee.com:1433': dial tcp 155.254.244.32:1433: i/o timeout)
ERROR: 2023/08/14 16:30:11 E:/Documents/gitlab/internal-projects/ffcc/backend-ccff/api/handler/modules/handler.go:52: Couldn't insert suffragers: unable to open tcp connection with host 'system_ccff.mssql.somee.com:1433': dial tcp 155.254.244.32:1433: i/o timeout
ERROR: 2023/08/14 16:30:11 E:/Documents/gitlab/internal-projects/ffcc/backend-ccff/api/handler/modules/handler.go:52: Couldn't insert suffragers: mssql: Invalid object name 'auth.modules_components_elements'.
ERROR: 2023/08/14 18:26:37 E:/Documents/gitlab/internal-projects/ffcc/backend-ccff/pkg/indra/upload_metadata/storage.go:25: el motor de base de datos no está implementado. sqlserver
ERROR: 2023/08/14 18:26:37 E:/Documents/gitlab/internal-projects/ffcc/backend-ccff/pkg/auth/users/application_service.go:33: ac7f95c4-b2e9-4d0e-be37-ffd35dcff2e9  - don't meet validations: code_student: non zero value required;email: non zero value required;lastname_father: non zero value required;lastname_mother: non zero value required;names: non zero value required;password: non zero value required
ERROR: 2023/08/14 18:26:37 E:/Documents/gitlab/internal-projects/ffcc/backend-ccff/api/handler/users/handler.go:35: Couldn't insert suffragers: code_student: non zero value required;email: non zero value required;lastname_father: non zero value required;lastname_mother: non zero value required;names: non zero value required;password: non zero value required
