ERROR: 2023/08/26 11:15:36 E:/Documents/gitlab/internal-projects/ffcc/backend-ccff/pkg/reniec/dni/storage.go:23: el motor de base de datos no está implementado. sqlserver
ERROR: 2023/08/26 11:16:57 E:/Documents/gitlab/internal-projects/ffcc/backend-ccff/pkg/reniec/dni/storage.go:23: el motor de base de datos no está implementado. sqlserver
ERROR: 2023/08/26 11:16:58 E:/Documents/gitlab/internal-projects/ffcc/backend-ccff/pkg/reniec/dni/application_service.go:43: respuesta servicio no exitosa:  404
ERROR: 2023/08/26 11:17:04 E:/Documents/gitlab/internal-projects/ffcc/backend-ccff/pkg/reniec/dni/storage.go:23: el motor de base de datos no está implementado. sqlserver
ERROR: 2023/08/26 11:17:04 E:/Documents/gitlab/internal-projects/ffcc/backend-ccff/pkg/reniec/dni/application_service.go:43: respuesta servicio no exitosa:  404
ERROR: 2023/08/26 11:17:11 E:/Documents/gitlab/internal-projects/ffcc/backend-ccff/pkg/reniec/dni/storage.go:23: el motor de base de datos no está implementado. sqlserver
ERROR: 2023/08/28 15:53:43 E:/Documents/gitlab/internal-projects/ffcc/backend-ccff/api/handler/users/handler.go:53: Couldn't insert suffragers: lookup system_ccff.mssql.somee.com: no such host
ERROR: 2023/08/28 15:54:47 E:/Documents/gitlab/internal-projects/ffcc/backend-ccff/api/handler/users/handler.go:53: Couldn't insert suffragers: lookup system_ccff.mssql.somee.com: no such host
ERROR: 2023/08/28 15:55:05 E:/Documents/gitlab/internal-projects/ffcc/backend-ccff/internal/dbx/dbx.go:37: couldn't connect to database: lookup system_ccff.mssql.somee.com: no such host
ERROR: 2023/08/28 16:09:36 E:/Documents/gitlab/internal-projects/ffcc/backend-ccff/pkg/auth/roles/repository_sqlserver.go:206: a6f35f33-4d56-429d-9b8b-ac04a8c7c651%!(EXTRA string= - couldn't execute GetRolesByQueueId auth.roles: %v, mssql.Error=mssql: Incorrect syntax near the keyword 'convert'.)
ERROR: 2023/08/28 16:09:36 E:/Documents/gitlab/internal-projects/ffcc/backend-ccff/pkg/auth/roles/application_service.go:126: a6f35f33-4d56-429d-9b8b-ac04a8c7c651  - couldn't GetRoleByName row: mssql: Incorrect syntax near the keyword 'convert'.
ERROR: 2023/08/28 16:09:36 E:/Documents/gitlab/internal-projects/ffcc/backend-ccff/api/handler/roles/handler.go:189: Couldn't insert GetRoleByName: mssql: Incorrect syntax near the keyword 'convert'.
ERROR: 2023/08/28 16:09:37 E:/Documents/gitlab/internal-projects/ffcc/backend-ccff/pkg/auth/roles/repository_sqlserver.go:206: a6f35f33-4d56-429d-9b8b-ac04a8c7c651%!(EXTRA string= - couldn't execute GetRolesByQueueId auth.roles: %v, mssql.Error=mssql: Incorrect syntax near the keyword 'convert'.)
ERROR: 2023/08/28 16:09:37 E:/Documents/gitlab/internal-projects/ffcc/backend-ccff/pkg/auth/roles/application_service.go:126: a6f35f33-4d56-429d-9b8b-ac04a8c7c651  - couldn't GetRoleByName row: mssql: Incorrect syntax near the keyword 'convert'.
ERROR: 2023/08/28 16:09:37 E:/Documents/gitlab/internal-projects/ffcc/backend-ccff/api/handler/roles/handler.go:189: Couldn't insert GetRoleByName: mssql: Incorrect syntax near the keyword 'convert'.
ERROR: 2023/08/28 16:09:46 E:/Documents/gitlab/internal-projects/ffcc/backend-ccff/pkg/auth/roles/repository_sqlserver.go:206: a6f35f33-4d56-429d-9b8b-ac04a8c7c651%!(EXTRA string= - couldn't execute GetRolesByQueueId auth.roles: %v, mssql.Error=mssql: Incorrect syntax near the keyword 'convert'.)
ERROR: 2023/08/28 16:09:46 E:/Documents/gitlab/internal-projects/ffcc/backend-ccff/pkg/auth/roles/application_service.go:126: a6f35f33-4d56-429d-9b8b-ac04a8c7c651  - couldn't GetRoleByName row: mssql: Incorrect syntax near the keyword 'convert'.
ERROR: 2023/08/28 16:09:46 E:/Documents/gitlab/internal-projects/ffcc/backend-ccff/api/handler/roles/handler.go:189: Couldn't insert GetRoleByName: mssql: Incorrect syntax near the keyword 'convert'.
ERROR: 2023/08/28 16:09:48 E:/Documents/gitlab/internal-projects/ffcc/backend-ccff/pkg/auth/roles/repository_sqlserver.go:206: a6f35f33-4d56-429d-9b8b-ac04a8c7c651%!(EXTRA string= - couldn't execute GetRolesByQueueId auth.roles: %v, mssql.Error=mssql: Incorrect syntax near the keyword 'convert'.)
ERROR: 2023/08/28 16:09:48 E:/Documents/gitlab/internal-projects/ffcc/backend-ccff/pkg/auth/roles/application_service.go:126: a6f35f33-4d56-429d-9b8b-ac04a8c7c651  - couldn't GetRoleByName row: mssql: Incorrect syntax near the keyword 'convert'.
ERROR: 2023/08/28 16:09:48 E:/Documents/gitlab/internal-projects/ffcc/backend-ccff/api/handler/roles/handler.go:189: Couldn't insert GetRoleByName: mssql: Incorrect syntax near the keyword 'convert'.
ERROR: 2023/08/28 16:09:49 E:/Documents/gitlab/internal-projects/ffcc/backend-ccff/pkg/auth/roles/repository_sqlserver.go:206: a6f35f33-4d56-429d-9b8b-ac04a8c7c651%!(EXTRA string= - couldn't execute GetRolesByQueueId auth.roles: %v, mssql.Error=mssql: Incorrect syntax near the keyword 'convert'.)
ERROR: 2023/08/28 16:09:49 E:/Documents/gitlab/internal-projects/ffcc/backend-ccff/pkg/auth/roles/application_service.go:126: a6f35f33-4d56-429d-9b8b-ac04a8c7c651  - couldn't GetRoleByName row: mssql: Incorrect syntax near the keyword 'convert'.
ERROR: 2023/08/28 16:09:49 E:/Documents/gitlab/internal-projects/ffcc/backend-ccff/api/handler/roles/handler.go:189: Couldn't insert GetRoleByName: mssql: Incorrect syntax near the keyword 'convert'.
ERROR: 2023/08/28 16:15:14 E:/Documents/gitlab/internal-projects/ffcc/backend-ccff/pkg/auth/roles/repository_sqlserver.go:206: a6f35f33-4d56-429d-9b8b-ac04a8c7c651%!(EXTRA string= - couldn't execute GetRolesByQueueId auth.roles: %v, mssql.Error=mssql: Incorrect syntax near the keyword 'convert'.)
ERROR: 2023/08/28 16:15:27 E:/Documents/gitlab/internal-projects/ffcc/backend-ccff/pkg/auth/roles/application_service.go:126: a6f35f33-4d56-429d-9b8b-ac04a8c7c651  - couldn't GetRoleByName row: mssql: Incorrect syntax near the keyword 'convert'.
ERROR: 2023/08/28 16:15:27 E:/Documents/gitlab/internal-projects/ffcc/backend-ccff/api/handler/roles/handler.go:189: Couldn't insert GetRoleByName: mssql: Incorrect syntax near the keyword 'convert'.
ERROR: 2023/09/04 00:47:53 E:/Documents/gitlab/internal-projects/ffcc/backend-ccff/pkg/entity/list-attendance/application_service.go:25: 373db6c1-6662-4c16-b63b-064fe82db857  - couldn`t getByID row: missing destination name description in *[]*list_ListAttendance.ListAttendance
ERROR: 2023/09/04 00:47:53 E:/Documents/gitlab/internal-projects/ffcc/backend-ccff/api/handler/attendance/handler.go:80: Couldn't insert CreateAttendance: missing destination name description in *[]*list_ListAttendance.ListAttendance
ERROR: 2023/09/04 00:49:06 E:/Documents/gitlab/internal-projects/ffcc/backend-ccff/pkg/entity/list-attendance/application_service.go:25: 373db6c1-6662-4c16-b63b-064fe82db857  - couldn`t getByID row: missing destination name description in *[]*list_ListAttendance.ListAttendance
ERROR: 2023/09/04 00:49:06 E:/Documents/gitlab/internal-projects/ffcc/backend-ccff/api/handler/attendance/handler.go:80: Couldn't insert CreateAttendance: missing destination name description in *[]*list_ListAttendance.ListAttendance
ERROR: 2023/09/04 00:50:39 E:/Documents/gitlab/internal-projects/ffcc/backend-ccff/pkg/entity/list-attendance/application_service.go:25: 7dfbc6c9-662d-49c5-bd7a-aed34c5e81e6  - couldn`t getByID row: sql: Scan error on column index 5, name "updated_at": unsupported Scan, storing driver.Value type <nil> into type *time.Time
ERROR: 2023/09/04 00:50:39 E:/Documents/gitlab/internal-projects/ffcc/backend-ccff/api/handler/attendance/handler.go:80: Couldn't insert CreateAttendance: sql: Scan error on column index 5, name "updated_at": unsupported Scan, storing driver.Value type <nil> into type *time.Time
ERROR: 2023/09/07 21:54:12 E:/Documents/gitlab/internal-projects/ffcc/backend-ccff/pkg/reniec/dni/storage.go:23: el motor de base de datos no está implementado. sqlserver
ERROR: 2023/09/07 21:55:24 E:/Documents/gitlab/internal-projects/ffcc/backend-ccff/pkg/auth/modules/repository_sqlserver.go:120: 6c844a1b-b492-476b-b471-26e9659cd75d%!(EXTRA string= - couldn't execute GetModulesByRoles auth.modules: %v, mssql.Error=mssql: Incorrect syntax near ')'.)
ERROR: 2023/09/07 21:55:24 E:/Documents/gitlab/internal-projects/ffcc/backend-ccff/api/handler/modules/handler.go:46: Couldn't insert suffragers: mssql: Incorrect syntax near ')'.
ERROR: 2023/09/09 13:34:53 E:/Documents/gitlab/internal-projects/ffcc/backend-ccff/pkg/reniec/dni/storage.go:23: el motor de base de datos no está implementado. sqlserver
ERROR: 2023/09/09 13:40:19 E:/Documents/gitlab/internal-projects/ffcc/backend-ccff/pkg/reniec/dni/storage.go:23: el motor de base de datos no está implementado. sqlserver
ERROR: 2023/09/09 15:00:21 E:/Documents/gitlab/internal-projects/ffcc/backend-ccff/pkg/entity/list-attendance/application_service.go:25: 9ac12825-f758-4085-a952-10e06c608c11  - couldn`t getByID row: sql: Scan error on column index 5, name "updated_at": unsupported Scan, storing driver.Value type <nil> into type *time.Time
ERROR: 2023/09/09 15:00:21 E:/Documents/gitlab/internal-projects/ffcc/backend-ccff/api/handler/attendance/handler.go:80: Couldn't insert CreateAttendance: sql: Scan error on column index 5, name "updated_at": unsupported Scan, storing driver.Value type <nil> into type *time.Time
ERROR: 2023/09/09 15:01:58 E:/Documents/gitlab/internal-projects/ffcc/backend-ccff/pkg/entity/list-attendance/application_service.go:25: 9ac12825-f758-4085-a952-10e06c608c11  - couldn`t getByID row: sql: Scan error on column index 5, name "updated_at": unsupported Scan, storing driver.Value type <nil> into type *time.Time
ERROR: 2023/09/09 15:01:58 E:/Documents/gitlab/internal-projects/ffcc/backend-ccff/api/handler/attendance/handler.go:80: Couldn't insert CreateAttendance: sql: Scan error on column index 5, name "updated_at": unsupported Scan, storing driver.Value type <nil> into type *time.Time
ERROR: 2023/09/11 10:48:14 E:/Documents/gitlab/internal-projects/ffcc/backend-ccff/pkg/reniec/dni/storage.go:23: el motor de base de datos no está implementado. sqlserver
ERROR: 2023/10/28 19:47:05 E:/Documents/gitlab/internal-projects/ffcc/backend-ccff/pkg/reniec/dni/storage.go:23: el motor de base de datos no está implementado. sqlserver
ERROR: 2023/11/12 11:50:51 E:/Documents/gitlab/internal-projects/ffcc/backend-ccff/pkg/reniec/dni/storage.go:23: el motor de base de datos no está implementado. sqlserver
ERROR: 2023/11/12 11:51:01 E:/Documents/gitlab/internal-projects/ffcc/backend-ccff/pkg/reniec/dni/application_service.go:48: 377edc6d-f549-479b-bce3-56adf791a0f9  - couldn't bind Unmarshal in struct: json: cannot unmarshal string into Go struct field ResponseReniec.codVerifica of type int
ERROR: 2023/11/12 11:51:01 E:/Documents/gitlab/internal-projects/ffcc/backend-ccff/api/handler/reniec/handler.go:35: Couldn't insert suffragers: json: cannot unmarshal string into Go struct field ResponseReniec.codVerifica of type int
